-Xajruntimetarget:1.5
-Xlint:ignore
-encoding
UTF-8
-showWeaveInfo
-verbose
-1.8
-classpath
C:\Users\Admin\.m2\repository\org\aspectj\aspectjrt\1.9.19\aspectjrt-1.9.19.jar;C:\Users\Admin\IdeaProjects\GoIT_JavaDeveloper\group13\module4_homework\target\classes
-d
C:\Users\Admin\IdeaProjects\GoIT_JavaDeveloper\group13\module4_homework\target\classes
-s
C:\Users\Admin\IdeaProjects\GoIT_JavaDeveloper\group13\module4_homework\target\generated-sources\aspectj-maven-plugin
C:\Users\Admin\IdeaProjects\GoIT_JavaDeveloper\group13\module4_homework\src\main\java\org\upper_lower_case\aspect\LogAspect.java
C:\Users\Admin\IdeaProjects\GoIT_JavaDeveloper\group13\module4_homework\src\main\java\org\upper_lower_case\CaseConvertor.java
C:\Users\Admin\IdeaProjects\GoIT_JavaDeveloper\group13\module4_homework\src\main\java\org\upper_lower_case\Main.java
C:\Users\Admin\IdeaProjects\GoIT_JavaDeveloper\group13\module4_homework\src\main\java\org\upper_lower_case\mbean\LogSwitcher.java
C:\Users\Admin\IdeaProjects\GoIT_JavaDeveloper\group13\module4_homework\src\main\java\org\upper_lower_case\mbean\LogSwitcherMBean.java
C:\Users\Admin\IdeaProjects\GoIT_JavaDeveloper\group13\module4_homework\src\main\java\org\upper_lower_case\utils\ConsoleConnector.java
C:\Users\Admin\IdeaProjects\GoIT_JavaDeveloper\group13\module4_homework\src\main\java\org\upper_lower_case\utils\InfoPrinter.java
C:\Users\Admin\IdeaProjects\GoIT_JavaDeveloper\group13\module4_homework\src\main\java\org\upper_lower_case\utils\LoggerForConsoleOutput.java
